<?xml version="1.0" encoding="UTF-8"?>
<testng-results total="1" passed="1" failed="0" skipped="0">
  <reporter-output>
  </reporter-output>
  <suite started-at="2022-01-31T20:50:52Z" name="Default suite" finished-at="2022-01-31T20:50:57Z" duration-ms="4972">
    <groups>
    </groups>
    <test started-at="2022-01-31T20:50:52Z" name="Default test" finished-at="2022-01-31T20:50:57Z" duration-ms="4972">
      <class name="tests.TestNgBusqueda">
        <test-method is-config="true" signature="beforeClass()[pri:0, instance:tests.TestNgBusqueda@1b2abca6]" started-at="2022-01-31T17:50:52Z" name="beforeClass" finished-at="2022-01-31T17:50:53Z" duration-ms="1134" status="PASS">
          <reporter-output>
          </reporter-output>
        </test-method> <!-- beforeClass -->
        <test-method signature="f()[pri:0, instance:tests.TestNgBusqueda@1b2abca6]" started-at="2022-01-31T17:50:53Z" name="f" finished-at="2022-01-31T17:50:57Z" duration-ms="3829" status="PASS">
          <reporter-output>
          </reporter-output>
        </test-method> <!-- f -->
        <test-method is-config="true" signature="AfterClass()[pri:0, instance:tests.TestNgBusqueda@1b2abca6]" started-at="2022-01-31T17:50:57Z" name="AfterClass" finished-at="2022-01-31T17:50:57Z" duration-ms="0" status="PASS">
          <reporter-output>
          </reporter-output>
        </test-method> <!-- AfterClass -->
      </class> <!-- tests.TestNgBusqueda -->
    </test> <!-- Default test -->
  </suite> <!-- Default suite -->
</testng-results>
